<?xml version="1.0" encoding="UTF-8"?>
<testsuite name="hello.hellospring.service.MemberServiceTest" tests="4" skipped="0" failures="0" errors="0" timestamp="2022-07-04T13:17:11" hostname="DESKTOP-U64KOP8" time="0.053">
  <properties/>
  <testcase name="duplicateException()" classname="hello.hellospring.service.MemberServiceTest" time="0.051"/>
  <testcase name="findOne()" classname="hello.hellospring.service.MemberServiceTest" time="0.001"/>
  <testcase name="join()" classname="hello.hellospring.service.MemberServiceTest" time="0.001"/>
  <testcase name="findMembers()" classname="hello.hellospring.service.MemberServiceTest" time="0.0"/>
  <system-out><![CDATA[]]></system-out>
  <system-err><![CDATA[]]></system-err>
</testsuite>
